<?xml version="1.0" encoding="UTF-8"?>
<!-- Generated by org.testng.reporters.JUnitXMLReporter -->
<testsuite hostname="DESKTOP-RCFES7K" ignored="0" name="Run on CHROME" tests="9" failures="0" timestamp="19 Feb 2022 05:02:03 GMT" time="23.314" errors="0">
  <testcase name="User_03_Register_With_Success_Email_Password" time="5.162" classname="com.nopcommerce.user.User_01_Register"/>
  <testcase name="Search_01_Empty_Data" time="0.566" classname="com.nopcommerce.user.User_04_Search"/>
  <testcase name="Search_02_Not_Exit_Data" time="0.699" classname="com.nopcommerce.user.User_04_Search"/>
  <testcase name="Search_03_Relative_Product" time="0.839" classname="com.nopcommerce.user.User_04_Search"/>
  <testcase name="Search_04_Absolute_Product" time="0.7" classname="com.nopcommerce.user.User_04_Search"/>
  <testcase name="Search_05_Parent_Categories" time="0.901" classname="com.nopcommerce.user.User_04_Search"/>
  <testcase name="Search_06_Sub_Categories" time="0.921" classname="com.nopcommerce.user.User_04_Search"/>
  <testcase name="Search_07_Incorrect_Manufacturer" time="0.93" classname="com.nopcommerce.user.User_04_Search"/>
  <testcase name="Search_08_Correct_Manufacturer" time="0.91" classname="com.nopcommerce.user.User_04_Search"/>
</testsuite> <!-- Run on CHROME -->
